<?xml version="1.0" encoding="UTF-8"?>
<!-- Generated by org.testng.reporters.JUnitReportReporter -->
<testsuite hostname="portable-ADRIEN" name="calculette.CalculetteTest" tests="2" failures="0" timestamp="25 Jan 2017 15:50:09 GMT" time="0.118" errors="0">
  <testcase name="testAjouter" time="0.109" classname="calculette.CalculetteTest"/>
  <testcase name="testSoustraire" time="0.009" classname="calculette.CalculetteTest"/>
</testsuite> <!-- calculette.CalculetteTest -->
